<?xml version="1.0" encoding="UTF-8"?>
<testsuite xmlns:xsi="http://www.w3.org/2001/XMLSchema-instance" xsi:noNamespaceSchemaLocation="https://maven.apache.org/surefire/maven-surefire-plugin/xsd/surefire-test-report-3.0.xsd" version="3.0" name="com.example.taskmanager.TaskControllerIntegrationTest" time="2.402" tests="2" errors="0" skipped="0" failures="0">
  <properties>
[...]
</properties>
  <testcase name="testValidation" classname="com.example.taskmanager.TaskControllerIntegrationTest" time="0.377">
    <system-out><![CDATA[11:03:54.802 [main] INFO org.springframework.test.context.support.AnnotationConfigContextLoaderUtils -- Could not detect default configuration classes for test class [com.example.taskmanager.TaskControllerIntegrationTest]: TaskControllerIntegrationTest does not declare any static, non-private, non-final, nested classes annotated with @Configuration.
11:03:54.874 [main] INFO org.springframework.boot.test.context.SpringBootTestContextBootstrapper -- Found @SpringBootConfiguration com.example.taskmanager.App for test class com.example.taskmanager.TaskControllerIntegrationTest
  .   ____          _            __ _ _
 /\\ / ___'_ __ _ _(_)_ __  __ _ \ \ \ \
( ( )\___ | '_ | '_| | '_ \/ _` | \ \ \ \
 \\/  ___)| |_)| | | | | || (_| |  ) ) ) )
  '  |____| .__|_| |_|_| |_\__, | / / / /
 =========|_|==============|___/=/_/_/_/

 :: Spring Boot ::                (v3.3.0)

2025-09-09T11:03:55.029+02:00  INFO 92129 --- [           main] c.e.t.TaskControllerIntegrationTest      : Starting TaskControllerIntegrationTest using Java 24.0.2 with PID 92129 (started by davide.piumetti in /Users/davide.piumetti/Repositories/TaskManager ACN_Test/backend)
2025-09-09T11:03:55.030+02:00  INFO 92129 --- [           main] c.e.t.TaskControllerIntegrationTest      : No active profile set, falling back to 1 default profile: "default"
2025-09-09T11:03:55.298+02:00  INFO 92129 --- [           main] .s.d.r.c.RepositoryConfigurationDelegate : Bootstrapping Spring Data JPA repositories in DEFAULT mode.
2025-09-09T11:03:55.344+02:00  INFO 92129 --- [           main] .s.d.r.c.RepositoryConfigurationDelegate : Finished Spring Data repository scanning in 42 ms. Found 1 JPA repository interface.
2025-09-09T11:03:55.536+02:00  INFO 92129 --- [           main] com.zaxxer.hikari.HikariDataSource       : HikariPool-1 - Starting...
2025-09-09T11:03:55.619+02:00  INFO 92129 --- [           main] com.zaxxer.hikari.pool.HikariPool        : HikariPool-1 - Added connection conn0: url=jdbc:h2:mem:392588d5-a19b-428a-b96d-955e787725ff user=SA
2025-09-09T11:03:55.619+02:00  INFO 92129 --- [           main] com.zaxxer.hikari.HikariDataSource       : HikariPool-1 - Start completed.
2025-09-09T11:03:55.652+02:00  INFO 92129 --- [           main] o.hibernate.jpa.internal.util.LogHelper  : HHH000204: Processing PersistenceUnitInfo [name: default]
2025-09-09T11:03:55.674+02:00  INFO 92129 --- [           main] org.hibernate.Version                    : HHH000412: Hibernate ORM core version 6.5.2.Final
2025-09-09T11:03:55.688+02:00  INFO 92129 --- [           main] o.h.c.internal.RegionFactoryInitiator    : HHH000026: Second-level cache disabled
2025-09-09T11:03:55.819+02:00  INFO 92129 --- [           main] o.s.o.j.p.SpringPersistenceUnitInfo      : No LoadTimeWeaver setup: ignoring JPA class transformer
2025-09-09T11:03:56.230+02:00  INFO 92129 --- [           main] o.h.e.t.j.p.i.JtaPlatformInitiator       : HHH000489: No JTA platform available (set 'hibernate.transaction.jta.platform' to enable JTA platform integration)
2025-09-09T11:03:56.245+02:00  INFO 92129 --- [           main] j.LocalContainerEntityManagerFactoryBean : Initialized JPA EntityManagerFactory for persistence unit 'default'
2025-09-09T11:03:56.443+02:00  WARN 92129 --- [           main] JpaBaseConfiguration$JpaWebConfiguration : spring.jpa.open-in-view is enabled by default. Therefore, database queries may be performed during view rendering. Explicitly configure spring.jpa.open-in-view to disable this warning
2025-09-09T11:03:56.617+02:00  INFO 92129 --- [           main] o.s.b.t.m.w.SpringBootMockServletContext : Initializing Spring TestDispatcherServlet ''
2025-09-09T11:03:56.617+02:00  INFO 92129 --- [           main] o.s.t.web.servlet.TestDispatcherServlet  : Initializing Servlet ''
2025-09-09T11:03:56.618+02:00  INFO 92129 --- [           main] o.s.t.web.servlet.TestDispatcherServlet  : Completed initialization in 0 ms
2025-09-09T11:03:56.630+02:00  INFO 92129 --- [           main] c.e.t.TaskControllerIntegrationTest      : Started TaskControllerIntegrationTest in 1.699 seconds (process running for 2.248)
2025-09-09T11:03:57.010+02:00  WARN 92129 --- [           main] .w.s.m.s.DefaultHandlerExceptionResolver : Resolved [org.springframework.web.bind.MethodArgumentNotValidException: Validation failed for argument [0] in public org.springframework.http.ResponseEntity<com.example.taskmanager.Task> com.example.taskmanager.TaskController.createTask(com.example.taskmanager.Task): [Field error in object 'task' on field 'title': rejected value []; codes [NotBlank.task.title,NotBlank.title,NotBlank.java.lang.String,NotBlank]; arguments [org.springframework.context.support.DefaultMessageSourceResolvable: codes [task.title,title]; arguments []; default message [title]]; default message [must not be blank]] ]
]]></system-out>
    <system-err><![CDATA[WARNING: A Java agent has been loaded dynamically (/Users/davide.piumetti/.m2/repository/net/bytebuddy/byte-buddy-agent/1.14.16/byte-buddy-agent-1.14.16.jar)
WARNING: If a serviceability tool is in use, please run with -XX:+EnableDynamicAgentLoading to hide this warning
WARNING: If a serviceability tool is not in use, please run with -Djdk.instrument.traceUsage for more information
WARNING: Dynamic loading of agents will be disallowed by default in a future release
]]></system-err>
  </testcase>
  <testcase name="testCreateAndGetTask" classname="com.example.taskmanager.TaskControllerIntegrationTest" time="0.123"/>
</testsuite>